#
# A fatal error has been detected by the Java Runtime Environment:
#
#  EXCEPTION_ACCESS_VIOLATION (0xc0000005) at pc=0x00007ffbf1d8270c, pid=12388, tid=8440
#
# JRE version: OpenJDK Runtime Environment (17.0.2+8) (build 17.0.2+8-86)
# Java VM: OpenJDK 64-Bit Server VM (17.0.2+8-86, mixed mode, sharing, tiered, compressed oops, compressed class ptrs, g1 gc, windows-amd64)
# Problematic frame:
# C  [Qt5Widgets.dll+0x4270c]
#
# No core dump will be written. Minidumps are not enabled by default on client versions of Windows
#
# If you would like to submit a bug report, please visit:
#   https://bugreport.java.com/bugreport/crash.jsp
# The crash happened outside the Java Virtual Machine in native code.
# See problematic frame for where to report the bug.
#

---------------  S U M M A R Y ------------

Command Line: --module-path=C:\javafx\openjfx-18.0.1_windows-x64_bin-sdk\javafx-sdk-18.0.1\lib --add-modules=javafx.controls --module-path=C:\javafx\openjfx-18.0.1_windows-x64_bin-sdk\javafx-sdk-18.0.1\lib --add-modules=javafx.controls -Dfile.encoding=windows-1252 -Duser.country=CA -Duser.language=en -Duser.variant com.github.skylixgh.hello.MyApp --module-path C:\javafx\openjfx-18.0.1_windows-x64_bin-sdk\javafx-sdk-18.0.1\lib --add-modules=javafx.controls

Host: 11th Gen Intel(R) Core(TM) i5-1135G7 @ 2.40GHz, 8 cores, 7G,  Windows 11 , 64 bit Build 22572 (10.0.22572.1)
Time: Sat Apr 23 22:02:41 2022 Eastern Daylight Time elapsed time: 1.079135 seconds (0d 0h 0m 1s)

---------------  T H R E A D  ---------------

Current thread (0x0000018428f89890):  JavaThread "main" [_thread_in_native, id=8440, stack(0x000000375c100000,0x000000375c200000)]

Stack: [0x000000375c100000,0x000000375c200000],  sp=0x000000375c1ff580,  free space=1021k
Native frames: (J=compiled Java code, j=interpreted, Vv=VM code, C=native code)
C  [Qt5Widgets.dll+0x4270c]

Java frames: (J=compiled Java code, j=interpreted, Vv=VM code)
j  org.bytedeco.qt.Qt5Widgets.QWidget.setAttribute(I)V+0
j  net.skylix.elixor.elixorFX.ElixorFX$WinLaunch.<init>()V+16
j  net.skylix.elixor.elixorFX.ElixorFX.init()V+83
j  com.github.skylixgh.hello.MyApp.main([Ljava/lang/String;)V+0
v  ~StubRoutines::call_stub

siginfo: EXCEPTION_ACCESS_VIOLATION (0xc0000005), reading address 0x000001844923be5c


Register to memory mapping:

RIP=0x00007ffbf1d8270c Qt5Widgets.dll
RAX=0x000001844909dcc0 points into unknown readable memory: 0x00007ffbf2082408 | 08 24 08 f2 fb 7f 00 00
RBX=0x0000000000000001 is an unknown value
RCX=0x00000000000677ff is an unknown value
RDX=0x0 is NULL
RSP=0x000000375c1ff580 is pointing into the stack for thread: 0x0000018428f89890
RBP=0x0000000000000001 is an unknown value
RSI=0x0000018448ce4a30 points into unknown readable memory: 0x00007ffc15e16640 | 40 66 e1 15 fc 7f 00 00
RDI=0x0000018428f89b38 points into unknown readable memory: 0x00007ffbf5e45640 | 40 56 e4 f5 fb 7f 00 00
R8 =0x00000000000677ff is an unknown value
R9 =0x00007ffc15e199c0 points into unknown readable memory: 0x00000003000d10e0 | e0 10 0d 00 03 00 00 00
R10=0x00007ffc15d90000 points into unknown readable memory: 0x0000000300905a4d | 4d 5a 90 00 03 00 00 00
R11=0x000000375c1ff5b0 is pointing into the stack for thread: 0x0000018428f89890
R12=0x0000000000ceffe0 is an unknown value
R13=0x00000184474b7888 is pointing into metadata
R14=0x000000375c1ff6d0 is pointing into the stack for thread: 0x0000018428f89890
R15=0x0000000000cf0000 is an unknown value


Registers:
RAX=0x000001844909dcc0, RBX=0x0000000000000001, RCX=0x00000000000677ff, RDX=0x0000000000000000
RSP=0x000000375c1ff580, RBP=0x0000000000000001, RSI=0x0000018448ce4a30, RDI=0x0000018428f89b38
R8 =0x00000000000677ff, R9 =0x00007ffc15e199c0, R10=0x00007ffc15d90000, R11=0x000000375c1ff5b0
R12=0x0000000000ceffe0, R13=0x00000184474b7888, R14=0x000000375c1ff6d0, R15=0x0000000000cf0000
RIP=0x00007ffbf1d8270c, EFLAGS=0x0000000000010246

Top of Stack: (sp=0x000000375c1ff580)
0x000000375c1ff580:   00007ffc15e610e0 00007ffc15d90000
0x000000375c1ff590:   0000000000000000 00000184307c94fe
0x000000375c1ff5a0:   00000184307c94fe 00000184474b7888
0x000000375c1ff5b0:   0000018428f89890 000000375c1ff6d0
0x000000375c1ff5c0:   0000018428f89890 0000000000000000
0x000000375c1ff5d0:   0000000000cf0000 00007ffc15df6fc0
0x000000375c1ff5e0:   00000184474b7890 0000018448ce4a30
0x000000375c1ff5f0:   0000018448ce4a30 000000375c1ff6a8
0x000000375c1ff600:   0000018400000000 00000184474b7890
0x000000375c1ff610:   000000375c1ff6d0 00000184307c94fe
0x000000375c1ff620:   000000000000005f 00000184307cd621
0x000000375c1ff630:   0000018428f89b38 00000184474b7890
0x000000375c1ff640:   0000000000000000 0000018426cebbe8
0x000000375c1ff650:   000000375c1ff6d0 00000184307cd2f6
0x000000375c1ff660:   000000375c1ff660 00000184474b7888
0x000000375c1ff670:   000000375c1ff6d0 00000184474f9fa0 

Instructions: (pc=0x00007ffbf1d8270c)
0x00007ffbf1d8260c:   00 00 cc cc 40 53 48 83 ec 40 48 8b d9 48 8b 49
0x00007ffbf1d8261c:   08 48 81 c1 f0 00 00 00 ff 15 16 92 2f 00 41 b8
0x00007ffbf1d8262c:   0d 80 00 00 48 8d 4c 24 20 48 8b d3 ff 15 92 ba
0x00007ffbf1d8263c:   2f 00 48 8d 4c 24 20 ff 15 8f ba 2f 00 48 8d 4c
0x00007ffbf1d8264c:   24 20 ff 15 74 ba 2f 00 48 83 c4 40 5b c3 cc cc
0x00007ffbf1d8265c:   cc cc cc cc 40 53 48 83 ec 40 48 8b d9 48 8b 49
0x00007ffbf1d8266c:   08 48 81 c1 e8 00 00 00 ff 15 c6 91 2f 00 41 b8
0x00007ffbf1d8267c:   0c 80 00 00 48 8d 4c 24 20 48 8b d3 ff 15 42 ba
0x00007ffbf1d8268c:   2f 00 48 8d 4c 24 20 ff 15 3f ba 2f 00 48 8d 4c
0x00007ffbf1d8269c:   24 20 ff 15 24 ba 2f 00 48 83 c4 40 5b c3 cc cc
0x00007ffbf1d826ac:   cc cc cc cc 48 89 5c 24 18 48 89 6c 24 20 56 41
0x00007ffbf1d826bc:   54 41 57 48 83 ec 40 48 8b f1 41 0f b6 e8 8b ca
0x00007ffbf1d826cc:   44 8d 62 e0 bb 01 00 00 00 44 8b fa d3 e3 83 fa
0x00007ffbf1d826dc:   20 7d 0c 48 8b 46 28 85 58 08 0f 95 c0 eb 2e 49
0x00007ffbf1d826ec:   63 c4 4c 8b c0 49 c1 e8 05 42 8d 0c c5 00 00 00
0x00007ffbf1d826fc:   00 c0 e1 02 2a c1 49 63 c8 0f b6 d0 48 8b 46 08
0x00007ffbf1d8270c:   8b 8c 88 a0 01 00 00 0f a3 d1 0f 92 c0 40 3a c5
0x00007ffbf1d8271c:   0f 84 5e 05 00 00 48 89 7c 24 60 48 8b 7e 08 4c
0x00007ffbf1d8272c:   89 74 24 68 41 83 ff 08 75 52 40 84 ed 74 7e 48
0x00007ffbf1d8273c:   8b 46 28 80 78 0c 11 74 74 48 8d 15 ac 04 30 00
0x00007ffbf1d8274c:   48 8b ce ff 15 33 8d 2f 00 84 c0 75 60 48 8b 46
0x00007ffbf1d8275c:   10 48 8d 4e 10 ff 50 10 83 bf b0 01 00 00 00 0f
0x00007ffbf1d8276c:   8c 05 05 00 00 48 8b 46 28 4c 8d 76 28 48 83 c0
0x00007ffbf1d8277c:   08 8b 08 0b d9 89 18 e9 a2 00 00 00 41 83 ff 64
0x00007ffbf1d8278c:   75 2b f7 87 b0 01 00 00 00 00 80 00 75 1f ff 15
0x00007ffbf1d8279c:   00 c1 2f 00 41 8d 57 a7 48 8b 08 4c 8b 41 08 48
0x00007ffbf1d827ac:   8b c8 41 ff d0 84 c0 0f 84 bd 04 00 00 48 8b 46
0x00007ffbf1d827bc:   28 4c 8d 76 28 41 83 ff 20 7d 1a 8b 48 08 48 83
0x00007ffbf1d827cc:   c0 08 40 84 ed 74 06 0b d9 89 18 eb 51 f7 d3 23
0x00007ffbf1d827dc:   d9 89 18 eb 49 49 63 cc 41 b8 01 00 00 00 48 8b
0x00007ffbf1d827ec:   d1 48 c1 ea 05 8d 04 d5 00 00 00 00 c0 e0 02 2a
0x00007ffbf1d827fc:   c8 48 63 c2 41 d3 e0 48 8d 0c 87 8b 81 a0 01 00 


Stack slot to memory mapping:
stack at sp + 0 slots: 0x00007ffc15e610e0 points into unknown readable memory: 0x00007ffc15e0d9b0 | b0 d9 e0 15 fc 7f 00 00
stack at sp + 1 slots: 0x00007ffc15d90000 points into unknown readable memory: 0x0000000300905a4d | 4d 5a 90 00 03 00 00 00
stack at sp + 2 slots: 0x0 is NULL
stack at sp + 3 slots: 0x00000184307c94fe is at code_begin+1118 in an Interpreter codelet
return entry points  [0x00000184307c90a0, 0x00000184307c9ba0]  2816 bytes
stack at sp + 4 slots: 0x00000184307c94fe is at code_begin+1118 in an Interpreter codelet
return entry points  [0x00000184307c90a0, 0x00000184307c9ba0]  2816 bytes
stack at sp + 5 slots: 0x00000184474b7888 is pointing into metadata
stack at sp + 6 slots: 0x0000018428f89890 is a thread
stack at sp + 7 slots: 0x000000375c1ff6d0 is pointing into the stack for thread: 0x0000018428f89890


---------------  P R O C E S S  ---------------

Threads class SMR info:
_java_thread_list=0x0000018448ac2d90, length=13, elements={
0x0000018428f89890, 0x0000018446df3640, 0x0000018446df3ff0, 0x0000018446e07620,
0x0000018446e07fd0, 0x0000018446e08f90, 0x0000018446e09940, 0x0000018446e0a620,
0x0000018446e0b0c0, 0x0000018446e1bff0, 0x0000018446ddaa40, 0x0000018447bfe1b0,
0x00000184483f98b0
}

Java Threads: ( => current thread )
=>0x0000018428f89890 JavaThread "main" [_thread_in_native, id=8440, stack(0x000000375c100000,0x000000375c200000)]
  0x0000018446df3640 JavaThread "Reference Handler" daemon [_thread_blocked, id=2256, stack(0x000000375c800000,0x000000375c900000)]
  0x0000018446df3ff0 JavaThread "Finalizer" daemon [_thread_blocked, id=9048, stack(0x000000375c900000,0x000000375ca00000)]
  0x0000018446e07620 JavaThread "Signal Dispatcher" daemon [_thread_blocked, id=12032, stack(0x000000375ca00000,0x000000375cb00000)]
  0x0000018446e07fd0 JavaThread "Attach Listener" daemon [_thread_blocked, id=15252, stack(0x000000375cb00000,0x000000375cc00000)]
  0x0000018446e08f90 JavaThread "Service Thread" daemon [_thread_blocked, id=2908, stack(0x000000375cc00000,0x000000375cd00000)]
  0x0000018446e09940 JavaThread "Monitor Deflation Thread" daemon [_thread_blocked, id=4152, stack(0x000000375cd00000,0x000000375ce00000)]
  0x0000018446e0a620 JavaThread "C2 CompilerThread0" daemon [_thread_blocked, id=14440, stack(0x000000375ce00000,0x000000375cf00000)]
  0x0000018446e0b0c0 JavaThread "C1 CompilerThread0" daemon [_thread_blocked, id=14836, stack(0x000000375cf00000,0x000000375d000000)]
  0x0000018446e1bff0 JavaThread "Sweeper thread" daemon [_thread_blocked, id=4020, stack(0x000000375d000000,0x000000375d100000)]
  0x0000018446ddaa40 JavaThread "Common-Cleaner" daemon [_thread_blocked, id=1208, stack(0x000000375d100000,0x000000375d200000)]
  0x0000018447bfe1b0 JavaThread "Notification Thread" daemon [_thread_blocked, id=14468, stack(0x000000375d300000,0x000000375d400000)]
  0x00000184483f98b0 JavaThread "JavaCPP Deallocator" daemon [_thread_blocked, id=17036, stack(0x000000375d800000,0x000000375d900000)]

Other Threads:
  0x0000018446decc90 VMThread "VM Thread" [stack: 0x000000375c700000,0x000000375c800000] [id=12096]
  0x0000018428fdec80 WatcherThread [stack: 0x000000375d400000,0x000000375d500000] [id=4320]
  0x0000018428fc6f10 GCTaskThread "GC Thread#0" [stack: 0x000000375c200000,0x000000375c300000] [id=4280]
  0x00000184484e7ec0 GCTaskThread "GC Thread#1" [stack: 0x000000375d500000,0x000000375d600000] [id=2424]
  0x0000018448725140 GCTaskThread "GC Thread#2" [stack: 0x000000375d600000,0x000000375d700000] [id=10088]
  0x0000018448c20c70 GCTaskThread "GC Thread#3" [stack: 0x000000375d700000,0x000000375d800000] [id=15904]
  0x0000018428fd8320 ConcurrentGCThread "G1 Main Marker" [stack: 0x000000375c300000,0x000000375c400000] [id=10692]
  0x0000018428fd8e90 ConcurrentGCThread "G1 Conc#0" [stack: 0x000000375c400000,0x000000375c500000] [id=4796]
  0x000001842904e940 ConcurrentGCThread "G1 Refine#0" [stack: 0x000000375c500000,0x000000375c600000] [id=19364]
  0x0000018446c94920 ConcurrentGCThread "G1 Service" [stack: 0x000000375c600000,0x000000375c700000] [id=2188]

Threads with active compile tasks:

VM state: not at safepoint (normal execution)

VM Mutex/Monitor currently owned by a thread: None

Heap address: 0x0000000085a00000, size: 1958 MB, Compressed Oops mode: 32-bit

CDS archive(s) mapped at: [0x0000000800000000-0x0000000800bc0000-0x0000000800bc0000), size 12320768, SharedBaseAddress: 0x0000000800000000, ArchiveRelocationMode: 0.
Compressed class space mapped at: 0x0000000800c00000-0x0000000840c00000, reserved size: 1073741824
Narrow klass base: 0x0000000800000000, Narrow klass shift: 0, Narrow klass range: 0x100000000

GC Precious Log:
 CPUs: 8 total, 8 available
 Memory: 7831M
 Large Page Support: Disabled
 NUMA Support: Disabled
 Compressed Oops: Enabled (32-bit)
 Heap Region Size: 1M
 Heap Min Capacity: 8M
 Heap Initial Capacity: 124M
 Heap Max Capacity: 1958M
 Pre-touch: Disabled
 Parallel Workers: 8
 Concurrent Workers: 2
 Concurrent Refinement Workers: 8
 Periodic GC: Disabled

Heap:
 garbage-first heap   total 126976K, used 5059K [0x0000000085a00000, 0x0000000100000000)
  region size 1024K, 4 young (4096K), 1 survivors (1024K)
 Metaspace       used 2766K, committed 2880K, reserved 1056768K
  class space    used 262K, committed 320K, reserved 1048576K

Heap Regions: E=young(eden), S=young(survivor), O=old, HS=humongous(starts), HC=humongous(continues), CS=collection set, F=free, OA=open archive, CA=closed archive, TAMS=top-at-mark-start (previous, next)
|   0|0x0000000085a00000, 0x0000000085b00000, 0x0000000085b00000|100%| O|  |TAMS 0x0000000085a00000, 0x0000000085a00000| Untracked 
|   1|0x0000000085b00000, 0x0000000085c00000, 0x0000000085c00000|100%| O|  |TAMS 0x0000000085b00000, 0x0000000085b00000| Untracked 
|   2|0x0000000085c00000, 0x0000000085cade00, 0x0000000085d00000| 67%| O|  |TAMS 0x0000000085c00000, 0x0000000085c00000| Untracked 
|   3|0x0000000085d00000, 0x0000000085d00000, 0x0000000085e00000|  0%| F|  |TAMS 0x0000000085d00000, 0x0000000085d00000| Untracked 
|   4|0x0000000085e00000, 0x0000000085e00000, 0x0000000085f00000|  0%| F|  |TAMS 0x0000000085e00000, 0x0000000085e00000| Untracked 
|   5|0x0000000085f00000, 0x0000000085f00000, 0x0000000086000000|  0%| F|  |TAMS 0x0000000085f00000, 0x0000000085f00000| Untracked 
|   6|0x0000000086000000, 0x0000000086000000, 0x0000000086100000|  0%| F|  |TAMS 0x0000000086000000, 0x0000000086000000| Untracked 
|   7|0x0000000086100000, 0x0000000086100000, 0x0000000086200000|  0%| F|  |TAMS 0x0000000086100000, 0x0000000086100000| Untracked 
|   8|0x0000000086200000, 0x0000000086200000, 0x0000000086300000|  0%| F|  |TAMS 0x0000000086200000, 0x0000000086200000| Untracked 
|   9|0x0000000086300000, 0x0000000086300000, 0x0000000086400000|  0%| F|  |TAMS 0x0000000086300000, 0x0000000086300000| Untracked 
|  10|0x0000000086400000, 0x0000000086400000, 0x0000000086500000|  0%| F|  |TAMS 0x0000000086400000, 0x0000000086400000| Untracked 
|  11|0x0000000086500000, 0x0000000086500000, 0x0000000086600000|  0%| F|  |TAMS 0x0000000086500000, 0x0000000086500000| Untracked 
|  12|0x0000000086600000, 0x0000000086600000, 0x0000000086700000|  0%| F|  |TAMS 0x0000000086600000, 0x0000000086600000| Untracked 
|  13|0x0000000086700000, 0x0000000086700000, 0x0000000086800000|  0%| F|  |TAMS 0x0000000086700000, 0x0000000086700000| Untracked 
|  14|0x0000000086800000, 0x0000000086800000, 0x0000000086900000|  0%| F|  |TAMS 0x0000000086800000, 0x0000000086800000| Untracked 
|  15|0x0000000086900000, 0x0000000086900000, 0x0000000086a00000|  0%| F|  |TAMS 0x0000000086900000, 0x0000000086900000| Untracked 
|  16|0x0000000086a00000, 0x0000000086a00000, 0x0000000086b00000|  0%| F|  |TAMS 0x0000000086a00000, 0x0000000086a00000| Untracked 
|  17|0x0000000086b00000, 0x0000000086b00000, 0x0000000086c00000|  0%| F|  |TAMS 0x0000000086b00000, 0x0000000086b00000| Untracked 
|  18|0x0000000086c00000, 0x0000000086c00000, 0x0000000086d00000|  0%| F|  |TAMS 0x0000000086c00000, 0x0000000086c00000| Untracked 
|  19|0x0000000086d00000, 0x0000000086d00000, 0x0000000086e00000|  0%| F|  |TAMS 0x0000000086d00000, 0x0000000086d00000| Untracked 
|  20|0x0000000086e00000, 0x0000000086e00000, 0x0000000086f00000|  0%| F|  |TAMS 0x0000000086e00000, 0x0000000086e00000| Untracked 
|  21|0x0000000086f00000, 0x0000000086f00000, 0x0000000087000000|  0%| F|  |TAMS 0x0000000086f00000, 0x0000000086f00000| Untracked 
|  22|0x0000000087000000, 0x0000000087000000, 0x0000000087100000|  0%| F|  |TAMS 0x0000000087000000, 0x0000000087000000| Untracked 
|  23|0x0000000087100000, 0x0000000087100000, 0x0000000087200000|  0%| F|  |TAMS 0x0000000087100000, 0x0000000087100000| Untracked 
|  24|0x0000000087200000, 0x0000000087200000, 0x0000000087300000|  0%| F|  |TAMS 0x0000000087200000, 0x0000000087200000| Untracked 
|  25|0x0000000087300000, 0x0000000087300000, 0x0000000087400000|  0%| F|  |TAMS 0x0000000087300000, 0x0000000087300000| Untracked 
|  26|0x0000000087400000, 0x0000000087400000, 0x0000000087500000|  0%| F|  |TAMS 0x0000000087400000, 0x0000000087400000| Untracked 
|  27|0x0000000087500000, 0x0000000087500000, 0x0000000087600000|  0%| F|  |TAMS 0x0000000087500000, 0x0000000087500000| Untracked 
|  28|0x0000000087600000, 0x0000000087600000, 0x0000000087700000|  0%| F|  |TAMS 0x0000000087600000, 0x0000000087600000| Untracked 
|  29|0x0000000087700000, 0x0000000087700000, 0x0000000087800000|  0%| F|  |TAMS 0x0000000087700000, 0x0000000087700000| Untracked 
|  30|0x0000000087800000, 0x0000000087800000, 0x0000000087900000|  0%| F|  |TAMS 0x0000000087800000, 0x0000000087800000| Untracked 
|  31|0x0000000087900000, 0x0000000087900000, 0x0000000087a00000|  0%| F|  |TAMS 0x0000000087900000, 0x0000000087900000| Untracked 
|  32|0x0000000087a00000, 0x0000000087a00000, 0x0000000087b00000|  0%| F|  |TAMS 0x0000000087a00000, 0x0000000087a00000| Untracked 
|  33|0x0000000087b00000, 0x0000000087b00000, 0x0000000087c00000|  0%| F|  |TAMS 0x0000000087b00000, 0x0000000087b00000| Untracked 
|  34|0x0000000087c00000, 0x0000000087c00000, 0x0000000087d00000|  0%| F|  |TAMS 0x0000000087c00000, 0x0000000087c00000| Untracked 
|  35|0x0000000087d00000, 0x0000000087d00000, 0x0000000087e00000|  0%| F|  |TAMS 0x0000000087d00000, 0x0000000087d00000| Untracked 
|  36|0x0000000087e00000, 0x0000000087e00000, 0x0000000087f00000|  0%| F|  |TAMS 0x0000000087e00000, 0x0000000087e00000| Untracked 
|  37|0x0000000087f00000, 0x0000000087f00000, 0x0000000088000000|  0%| F|  |TAMS 0x0000000087f00000, 0x0000000087f00000| Untracked 
|  38|0x0000000088000000, 0x0000000088000000, 0x0000000088100000|  0%| F|  |TAMS 0x0000000088000000, 0x0000000088000000| Untracked 
|  39|0x0000000088100000, 0x0000000088100000, 0x0000000088200000|  0%| F|  |TAMS 0x0000000088100000, 0x0000000088100000| Untracked 
|  40|0x0000000088200000, 0x0000000088200000, 0x0000000088300000|  0%| F|  |TAMS 0x0000000088200000, 0x0000000088200000| Untracked 
|  41|0x0000000088300000, 0x0000000088300000, 0x0000000088400000|  0%| F|  |TAMS 0x0000000088300000, 0x0000000088300000| Untracked 
|  42|0x0000000088400000, 0x0000000088400000, 0x0000000088500000|  0%| F|  |TAMS 0x0000000088400000, 0x0000000088400000| Untracked 
|  43|0x0000000088500000, 0x0000000088500000, 0x0000000088600000|  0%| F|  |TAMS 0x0000000088500000, 0x0000000088500000| Untracked 
|  44|0x0000000088600000, 0x0000000088600000, 0x0000000088700000|  0%| F|  |TAMS 0x0000000088600000, 0x0000000088600000| Untracked 
|  45|0x0000000088700000, 0x0000000088700000, 0x0000000088800000|  0%| F|  |TAMS 0x0000000088700000, 0x0000000088700000| Untracked 
|  46|0x0000000088800000, 0x0000000088800000, 0x0000000088900000|  0%| F|  |TAMS 0x0000000088800000, 0x0000000088800000| Untracked 
|  47|0x0000000088900000, 0x0000000088900000, 0x0000000088a00000|  0%| F|  |TAMS 0x0000000088900000, 0x0000000088900000| Untracked 
|  48|0x0000000088a00000, 0x0000000088a00000, 0x0000000088b00000|  0%| F|  |TAMS 0x0000000088a00000, 0x0000000088a00000| Untracked 
|  49|0x0000000088b00000, 0x0000000088b00000, 0x0000000088c00000|  0%| F|  |TAMS 0x0000000088b00000, 0x0000000088b00000| Untracked 
|  50|0x0000000088c00000, 0x0000000088c00000, 0x0000000088d00000|  0%| F|  |TAMS 0x0000000088c00000, 0x0000000088c00000| Untracked 
|  51|0x0000000088d00000, 0x0000000088d00000, 0x0000000088e00000|  0%| F|  |TAMS 0x0000000088d00000, 0x0000000088d00000| Untracked 
|  52|0x0000000088e00000, 0x0000000088e00000, 0x0000000088f00000|  0%| F|  |TAMS 0x0000000088e00000, 0x0000000088e00000| Untracked 
|  53|0x0000000088f00000, 0x0000000088f00000, 0x0000000089000000|  0%| F|  |TAMS 0x0000000088f00000, 0x0000000088f00000| Untracked 
|  54|0x0000000089000000, 0x0000000089000000, 0x0000000089100000|  0%| F|  |TAMS 0x0000000089000000, 0x0000000089000000| Untracked 
|  55|0x0000000089100000, 0x0000000089100000, 0x0000000089200000|  0%| F|  |TAMS 0x0000000089100000, 0x0000000089100000| Untracked 
|  56|0x0000000089200000, 0x0000000089200000, 0x0000000089300000|  0%| F|  |TAMS 0x0000000089200000, 0x0000000089200000| Untracked 
|  57|0x0000000089300000, 0x0000000089300000, 0x0000000089400000|  0%| F|  |TAMS 0x0000000089300000, 0x0000000089300000| Untracked 
|  58|0x0000000089400000, 0x0000000089400000, 0x0000000089500000|  0%| F|  |TAMS 0x0000000089400000, 0x0000000089400000| Untracked 
|  59|0x0000000089500000, 0x0000000089500000, 0x0000000089600000|  0%| F|  |TAMS 0x0000000089500000, 0x0000000089500000| Untracked 
|  60|0x0000000089600000, 0x0000000089600000, 0x0000000089700000|  0%| F|  |TAMS 0x0000000089600000, 0x0000000089600000| Untracked 
|  61|0x0000000089700000, 0x0000000089700000, 0x0000000089800000|  0%| F|  |TAMS 0x0000000089700000, 0x0000000089700000| Untracked 
|  62|0x0000000089800000, 0x0000000089800000, 0x0000000089900000|  0%| F|  |TAMS 0x0000000089800000, 0x0000000089800000| Untracked 
|  63|0x0000000089900000, 0x0000000089900000, 0x0000000089a00000|  0%| F|  |TAMS 0x0000000089900000, 0x0000000089900000| Untracked 
|  64|0x0000000089a00000, 0x0000000089a00000, 0x0000000089b00000|  0%| F|  |TAMS 0x0000000089a00000, 0x0000000089a00000| Untracked 
|  65|0x0000000089b00000, 0x0000000089b00000, 0x0000000089c00000|  0%| F|  |TAMS 0x0000000089b00000, 0x0000000089b00000| Untracked 
|  66|0x0000000089c00000, 0x0000000089c00000, 0x0000000089d00000|  0%| F|  |TAMS 0x0000000089c00000, 0x0000000089c00000| Untracked 
|  67|0x0000000089d00000, 0x0000000089d00000, 0x0000000089e00000|  0%| F|  |TAMS 0x0000000089d00000, 0x0000000089d00000| Untracked 
|  68|0x0000000089e00000, 0x0000000089e00000, 0x0000000089f00000|  0%| F|  |TAMS 0x0000000089e00000, 0x0000000089e00000| Untracked 
|  69|0x0000000089f00000, 0x0000000089f00000, 0x000000008a000000|  0%| F|  |TAMS 0x0000000089f00000, 0x0000000089f00000| Untracked 
|  70|0x000000008a000000, 0x000000008a000000, 0x000000008a100000|  0%| F|  |TAMS 0x000000008a000000, 0x000000008a000000| Untracked 
|  71|0x000000008a100000, 0x000000008a100000, 0x000000008a200000|  0%| F|  |TAMS 0x000000008a100000, 0x000000008a100000| Untracked 
|  72|0x000000008a200000, 0x000000008a200000, 0x000000008a300000|  0%| F|  |TAMS 0x000000008a200000, 0x000000008a200000| Untracked 
|  73|0x000000008a300000, 0x000000008a300000, 0x000000008a400000|  0%| F|  |TAMS 0x000000008a300000, 0x000000008a300000| Untracked 
|  74|0x000000008a400000, 0x000000008a400000, 0x000000008a500000|  0%| F|  |TAMS 0x000000008a400000, 0x000000008a400000| Untracked 
|  75|0x000000008a500000, 0x000000008a500000, 0x000000008a600000|  0%| F|  |TAMS 0x000000008a500000, 0x000000008a500000| Untracked 
|  76|0x000000008a600000, 0x000000008a600000, 0x000000008a700000|  0%| F|  |TAMS 0x000000008a600000, 0x000000008a600000| Untracked 
|  77|0x000000008a700000, 0x000000008a700000, 0x000000008a800000|  0%| F|  |TAMS 0x000000008a700000, 0x000000008a700000| Untracked 
|  78|0x000000008a800000, 0x000000008a800000, 0x000000008a900000|  0%| F|  |TAMS 0x000000008a800000, 0x000000008a800000| Untracked 
|  79|0x000000008a900000, 0x000000008a900000, 0x000000008aa00000|  0%| F|  |TAMS 0x000000008a900000, 0x000000008a900000| Untracked 
|  80|0x000000008aa00000, 0x000000008aa00000, 0x000000008ab00000|  0%| F|  |TAMS 0x000000008aa00000, 0x000000008aa00000| Untracked 
|  81|0x000000008ab00000, 0x000000008ab00000, 0x000000008ac00000|  0%| F|  |TAMS 0x000000008ab00000, 0x000000008ab00000| Untracked 
|  82|0x000000008ac00000, 0x000000008ac00000, 0x000000008ad00000|  0%| F|  |TAMS 0x000000008ac00000, 0x000000008ac00000| Untracked 
|  83|0x000000008ad00000, 0x000000008ad00000, 0x000000008ae00000|  0%| F|  |TAMS 0x000000008ad00000, 0x000000008ad00000| Untracked 
|  84|0x000000008ae00000, 0x000000008ae00000, 0x000000008af00000|  0%| F|  |TAMS 0x000000008ae00000, 0x000000008ae00000| Untracked 
|  85|0x000000008af00000, 0x000000008af00000, 0x000000008b000000|  0%| F|  |TAMS 0x000000008af00000, 0x000000008af00000| Untracked 
|  86|0x000000008b000000, 0x000000008b043190, 0x000000008b100000| 26%| S|CS|TAMS 0x000000008b000000, 0x000000008b000000| Complete 
|  87|0x000000008b100000, 0x000000008b100000, 0x000000008b200000|  0%| F|  |TAMS 0x000000008b100000, 0x000000008b100000| Untracked 
|  88|0x000000008b200000, 0x000000008b200000, 0x000000008b300000|  0%| F|  |TAMS 0x000000008b200000, 0x000000008b200000| Untracked 
|  89|0x000000008b300000, 0x000000008b300000, 0x000000008b400000|  0%| F|  |TAMS 0x000000008b300000, 0x000000008b300000| Untracked 
|  90|0x000000008b400000, 0x000000008b400000, 0x000000008b500000|  0%| F|  |TAMS 0x000000008b400000, 0x000000008b400000| Untracked 
|  91|0x000000008b500000, 0x000000008b500000, 0x000000008b600000|  0%| F|  |TAMS 0x000000008b500000, 0x000000008b500000| Untracked 
|  92|0x000000008b600000, 0x000000008b600000, 0x000000008b700000|  0%| F|  |TAMS 0x000000008b600000, 0x000000008b600000| Untracked 
|  93|0x000000008b700000, 0x000000008b700000, 0x000000008b800000|  0%| F|  |TAMS 0x000000008b700000, 0x000000008b700000| Untracked 
|  94|0x000000008b800000, 0x000000008b800000, 0x000000008b900000|  0%| F|  |TAMS 0x000000008b800000, 0x000000008b800000| Untracked 
|  95|0x000000008b900000, 0x000000008b900000, 0x000000008ba00000|  0%| F|  |TAMS 0x000000008b900000, 0x000000008b900000| Untracked 
|  96|0x000000008ba00000, 0x000000008ba00000, 0x000000008bb00000|  0%| F|  |TAMS 0x000000008ba00000, 0x000000008ba00000| Untracked 
|  97|0x000000008bb00000, 0x000000008bb00000, 0x000000008bc00000|  0%| F|  |TAMS 0x000000008bb00000, 0x000000008bb00000| Untracked 
|  98|0x000000008bc00000, 0x000000008bc00000, 0x000000008bd00000|  0%| F|  |TAMS 0x000000008bc00000, 0x000000008bc00000| Untracked 
|  99|0x000000008bd00000, 0x000000008bd00000, 0x000000008be00000|  0%| F|  |TAMS 0x000000008bd00000, 0x000000008bd00000| Untracked 
| 100|0x000000008be00000, 0x000000008be00000, 0x000000008bf00000|  0%| F|  |TAMS 0x000000008be00000, 0x000000008be00000| Untracked 
| 101|0x000000008bf00000, 0x000000008bf00000, 0x000000008c000000|  0%| F|  |TAMS 0x000000008bf00000, 0x000000008bf00000| Untracked 
| 102|0x000000008c000000, 0x000000008c000000, 0x000000008c100000|  0%| F|  |TAMS 0x000000008c000000, 0x000000008c000000| Untracked 
| 103|0x000000008c100000, 0x000000008c100000, 0x000000008c200000|  0%| F|  |TAMS 0x000000008c100000, 0x000000008c100000| Untracked 
| 104|0x000000008c200000, 0x000000008c200000, 0x000000008c300000|  0%| F|  |TAMS 0x000000008c200000, 0x000000008c200000| Untracked 
| 105|0x000000008c300000, 0x000000008c300000, 0x000000008c400000|  0%| F|  |TAMS 0x000000008c300000, 0x000000008c300000| Untracked 
| 106|0x000000008c400000, 0x000000008c400000, 0x000000008c500000|  0%| F|  |TAMS 0x000000008c400000, 0x000000008c400000| Untracked 
| 107|0x000000008c500000, 0x000000008c500000, 0x000000008c600000|  0%| F|  |TAMS 0x000000008c500000, 0x000000008c500000| Untracked 
| 108|0x000000008c600000, 0x000000008c600000, 0x000000008c700000|  0%| F|  |TAMS 0x000000008c600000, 0x000000008c600000| Untracked 
| 109|0x000000008c700000, 0x000000008c700000, 0x000000008c800000|  0%| F|  |TAMS 0x000000008c700000, 0x000000008c700000| Untracked 
| 110|0x000000008c800000, 0x000000008c800000, 0x000000008c900000|  0%| F|  |TAMS 0x000000008c800000, 0x000000008c800000| Untracked 
| 111|0x000000008c900000, 0x000000008c900000, 0x000000008ca00000|  0%| F|  |TAMS 0x000000008c900000, 0x000000008c900000| Untracked 
| 112|0x000000008ca00000, 0x000000008ca00000, 0x000000008cb00000|  0%| F|  |TAMS 0x000000008ca00000, 0x000000008ca00000| Untracked 
| 113|0x000000008cb00000, 0x000000008cb00000, 0x000000008cc00000|  0%| F|  |TAMS 0x000000008cb00000, 0x000000008cb00000| Untracked 
| 114|0x000000008cc00000, 0x000000008cc00000, 0x000000008cd00000|  0%| F|  |TAMS 0x000000008cc00000, 0x000000008cc00000| Untracked 
| 115|0x000000008cd00000, 0x000000008cd00000, 0x000000008ce00000|  0%| F|  |TAMS 0x000000008cd00000, 0x000000008cd00000| Untracked 
| 116|0x000000008ce00000, 0x000000008ce00000, 0x000000008cf00000|  0%| F|  |TAMS 0x000000008ce00000, 0x000000008ce00000| Untracked 
| 117|0x000000008cf00000, 0x000000008cf00000, 0x000000008d000000|  0%| F|  |TAMS 0x000000008cf00000, 0x000000008cf00000| Untracked 
| 118|0x000000008d000000, 0x000000008d000000, 0x000000008d100000|  0%| F|  |TAMS 0x000000008d000000, 0x000000008d000000| Untracked 
| 119|0x000000008d100000, 0x000000008d100000, 0x000000008d200000|  0%| F|  |TAMS 0x000000008d100000, 0x000000008d100000| Untracked 
| 120|0x000000008d200000, 0x000000008d200000, 0x000000008d300000|  0%| F|  |TAMS 0x000000008d200000, 0x000000008d200000| Untracked 
| 121|0x000000008d300000, 0x000000008d400000, 0x000000008d400000|100%| E|  |TAMS 0x000000008d300000, 0x000000008d300000| Complete 
| 122|0x000000008d400000, 0x000000008d500000, 0x000000008d500000|100%| E|CS|TAMS 0x000000008d400000, 0x000000008d400000| Complete 
| 123|0x000000008d500000, 0x000000008d600000, 0x000000008d600000|100%| E|CS|TAMS 0x000000008d500000, 0x000000008d500000| Complete 

Card table byte_map: [0x000001843fed0000,0x00000184402b0000] _byte_map_base: 0x000001843faa3000

Marking Bits (Prev, Next): (CMBitMap*) 0x0000018428fc7520, (CMBitMap*) 0x0000018428fc7560
 Prev Bits: [0x0000018440690000, 0x0000018442528000)
 Next Bits: [0x0000018442530000, 0x00000184443c8000)

Polling page: 0x0000018426ec0000

Metaspace:

Usage:
  Non-class:      2.45 MB used.
      Class:    262.84 KB used.
       Both:      2.70 MB used.

Virtual space:
  Non-class space:        8.00 MB reserved,       2.50 MB ( 31%) committed,  1 nodes.
      Class space:        1.00 GB reserved,     320.00 KB ( <1%) committed,  1 nodes.
             Both:        1.01 GB reserved,       2.81 MB ( <1%) committed. 

Chunk freelists:
   Non-Class:  3.01 MB
       Class:  3.59 MB
        Both:  6.60 MB

MaxMetaspaceSize: unlimited
CompressedClassSpaceSize: 1.00 GB
Initial GC threshold: 21.00 MB
Current GC threshold: 21.00 MB
CDS: on
MetaspaceReclaimPolicy: balanced
 - commit_granule_bytes: 65536.
 - commit_granule_words: 8192.
 - virtual_space_node_default_size: 1048576.
 - enlarge_chunks_in_place: 1.
 - new_chunks_are_fully_committed: 0.
 - uncommit_free_chunks: 1.
 - use_allocation_guard: 0.
 - handle_deallocations: 1.


Internal statistics:

num_allocs_failed_limit: 0.
num_arena_births: 24.
num_arena_deaths: 0.
num_vsnodes_births: 2.
num_vsnodes_deaths: 0.
num_space_committed: 45.
num_space_uncommitted: 0.
num_chunks_returned_to_freelist: 0.
num_chunks_taken_from_freelist: 78.
num_chunk_merges: 0.
num_chunk_splits: 53.
num_chunks_enlarged: 41.
num_purges: 0.
num_inconsistent_stats: 0.

CodeHeap 'non-profiled nmethods': size=120000Kb used=643Kb max_used=643Kb free=119356Kb
 bounds [0x0000018438290000, 0x0000018438500000, 0x000001843f7c0000]
CodeHeap 'profiled nmethods': size=120000Kb used=2105Kb max_used=2105Kb free=117894Kb
 bounds [0x0000018430d60000, 0x0000018430fd0000, 0x0000018438290000]
CodeHeap 'non-nmethods': size=5760Kb used=1115Kb max_used=1156Kb free=4644Kb
 bounds [0x00000184307c0000, 0x0000018430a30000, 0x0000018430d60000]
 total_blobs=1438 nmethods=1059 adapters=292
 compilation: enabled
              stopped_count=0, restarted_count=0
 full_count=0

Compilation events (20 events):
Event: 1.058 Thread 0x0000018446e0a620 nmethod 1054 0x000001843832ca90 code [0x000001843832cc20, 0x000001843832cef8]
Event: 1.058 Thread 0x0000018446e0a620 1058       4       java.nio.file.attribute.FileTime::from (18 bytes)
Event: 1.059 Thread 0x0000018446e0a620 nmethod 1058 0x000001843832d090 code [0x000001843832d220, 0x000001843832d348]
Event: 1.059 Thread 0x0000018446e0a620 1057       4       java.lang.System::getSecurityManager (12 bytes)
Event: 1.059 Thread 0x0000018446e0a620 nmethod 1057 0x000001843832d490 code [0x000001843832d600, 0x000001843832d678]
Event: 1.060 Thread 0x0000018446e0b0c0 1059       3       sun.reflect.generics.parser.SignatureParser::skipIdentifier (67 bytes)
Event: 1.061 Thread 0x0000018446e0b0c0 nmethod 1059 0x0000018430f6bd90 code [0x0000018430f6bfa0, 0x0000018430f6c548]
Event: 1.061 Thread 0x0000018446e0b0c0 1060       3       jdk.internal.reflect.ClassFileAssembler::emitShort (24 bytes)
Event: 1.061 Thread 0x0000018446e0b0c0 nmethod 1060 0x0000018430f6c710 code [0x0000018430f6c8e0, 0x0000018430f6cbf8]
Event: 1.061 Thread 0x0000018446e0b0c0 1061       3       jdk.internal.reflect.ClassFileAssembler::cpi (22 bytes)
Event: 1.061 Thread 0x0000018446e0b0c0 nmethod 1061 0x0000018430f6cd90 code [0x0000018430f6cf40, 0x0000018430f6d168]
Event: 1.061 Thread 0x0000018446e0b0c0 1062       3       java.util.HashMap$EntryIterator::next (5 bytes)
Event: 1.061 Thread 0x0000018446e0b0c0 nmethod 1062 0x0000018430f6d210 code [0x0000018430f6d3c0, 0x0000018430f6d548]
Event: 1.061 Thread 0x0000018446e0b0c0 1063       3       java.util.ArrayList::set (24 bytes)
Event: 1.061 Thread 0x0000018446e0b0c0 nmethod 1063 0x0000018430f6d610 code [0x0000018430f6d7e0, 0x0000018430f6dca8]
Event: 1.064 Thread 0x0000018446e0a620 1064       4       java.nio.file.attribute.FileTime::<init> (21 bytes)
Event: 1.065 Thread 0x0000018446e0a620 nmethod 1064 0x000001843832d790 code [0x000001843832d900, 0x000001843832db38]
Event: 1.065 Thread 0x0000018446e0a620 1065       4       java.io.File::<init> (111 bytes)
Event: 1.065 Thread 0x0000018446e0b0c0 1066       3       java.lang.System::checkKey (34 bytes)
Event: 1.066 Thread 0x0000018446e0b0c0 nmethod 1066 0x0000018430f6de90 code [0x0000018430f6e060, 0x0000018430f6e418]

GC Heap History (4 events):
Event: 0.312 GC heap before
{Heap before GC invocations=0 (full 0):
 garbage-first heap   total 126976K, used 23552K [0x0000000085a00000, 0x0000000100000000)
  region size 1024K, 23 young (23552K), 0 survivors (0K)
 Metaspace       used 1519K, committed 1664K, reserved 1056768K
  class space    used 120K, committed 192K, reserved 1048576K
}
Event: 0.314 GC heap after
{Heap after GC invocations=1 (full 0):
 garbage-first heap   total 126976K, used 2832K [0x0000000085a00000, 0x0000000100000000)
  region size 1024K, 3 young (3072K), 3 survivors (3072K)
 Metaspace       used 1519K, committed 1664K, reserved 1056768K
  class space    used 120K, committed 192K, reserved 1048576K
}
Event: 1.044 GC heap before
{Heap before GC invocations=1 (full 0):
 garbage-first heap   total 126976K, used 37648K [0x0000000085a00000, 0x0000000100000000)
  region size 1024K, 37 young (37888K), 3 survivors (3072K)
 Metaspace       used 2673K, committed 2816K, reserved 1056768K
  class space    used 253K, committed 320K, reserved 1048576K
}
Event: 1.047 GC heap after
{Heap after GC invocations=2 (full 0):
 garbage-first heap   total 126976K, used 3011K [0x0000000085a00000, 0x0000000100000000)
  region size 1024K, 1 young (1024K), 1 survivors (1024K)
 Metaspace       used 2673K, committed 2816K, reserved 1056768K
  class space    used 253K, committed 320K, reserved 1048576K
}

Deoptimization events (20 events):
Event: 0.605 Thread 0x0000018428f89890 DEOPT PACKING pc=0x0000018430f20488 sp=0x000000375c1fd940
Event: 0.605 Thread 0x0000018428f89890 DEOPT UNPACKING pc=0x0000018430816763 sp=0x000000375c1fce48 mode 0
Event: 0.610 Thread 0x0000018428f89890 DEOPT PACKING pc=0x0000018430f20488 sp=0x000000375c1fd940
Event: 0.610 Thread 0x0000018428f89890 DEOPT UNPACKING pc=0x0000018430816763 sp=0x000000375c1fce48 mode 0
Event: 0.611 Thread 0x0000018428f89890 DEOPT PACKING pc=0x0000018430eb0bb8 sp=0x000000375c1fd9d0
Event: 0.611 Thread 0x0000018428f89890 DEOPT UNPACKING pc=0x0000018430816763 sp=0x000000375c1fcee8 mode 0
Event: 0.616 Thread 0x0000018428f89890 DEOPT PACKING pc=0x0000018430f20488 sp=0x000000375c1fd940
Event: 0.616 Thread 0x0000018428f89890 DEOPT UNPACKING pc=0x0000018430816763 sp=0x000000375c1fce48 mode 0
Event: 0.618 Thread 0x0000018428f89890 DEOPT PACKING pc=0x0000018430eb0bb8 sp=0x000000375c1fd8a0
Event: 0.618 Thread 0x0000018428f89890 DEOPT UNPACKING pc=0x0000018430816763 sp=0x000000375c1fcdb8 mode 0
Event: 0.620 Thread 0x0000018428f89890 DEOPT PACKING pc=0x0000018430f20488 sp=0x000000375c1fd8a0
Event: 0.620 Thread 0x0000018428f89890 DEOPT UNPACKING pc=0x0000018430816763 sp=0x000000375c1fcda8 mode 0
Event: 0.623 Thread 0x0000018428f89890 DEOPT PACKING pc=0x0000018430eb0bb8 sp=0x000000375c1fd9d0
Event: 0.623 Thread 0x0000018428f89890 DEOPT UNPACKING pc=0x0000018430816763 sp=0x000000375c1fcee8 mode 0
Event: 0.625 Thread 0x0000018428f89890 DEOPT PACKING pc=0x0000018430f20488 sp=0x000000375c1fd810
Event: 0.625 Thread 0x0000018428f89890 DEOPT UNPACKING pc=0x0000018430816763 sp=0x000000375c1fcd18 mode 0
Event: 1.037 Thread 0x0000018428f89890 Uncommon trap: trap_request=0xffffff45 fr.pc=0x00000184382f8be0 relative=0x00000000000009a0
Event: 1.037 Thread 0x0000018428f89890 Uncommon trap: reason=unstable_if action=reinterpret pc=0x00000184382f8be0 method=jdk.internal.loader.URLClassPath$JarLoader.checkResource(Ljava/lang/String;ZLjava/util/jar/JarEntry;)Ljdk/internal/loader/Resource; @ 7 c2
Event: 1.037 Thread 0x0000018428f89890 DEOPT PACKING pc=0x00000184382f8be0 sp=0x000000375c1feab0
Event: 1.037 Thread 0x0000018428f89890 DEOPT UNPACKING pc=0x0000018430815c23 sp=0x000000375c1fea78 mode 2

Classes unloaded (0 events):
No events

Classes redefined (0 events):
No events

Internal exceptions (9 events):
Event: 0.062 Thread 0x0000018428f89890 Exception <a 'sun/nio/fs/WindowsException'{0x000000008d43b408}> (0x000000008d43b408) 
thrown [t:\workspace\open\src\hotspot\share\prims\jni.cpp, line 516]
Event: 0.062 Thread 0x0000018428f89890 Exception <a 'sun/nio/fs/WindowsException'{0x000000008d43b938}> (0x000000008d43b938) 
thrown [t:\workspace\open\src\hotspot\share\prims\jni.cpp, line 516]
Event: 0.148 Thread 0x0000018428f89890 Exception <a 'java/lang/NoSuchMethodError'{0x000000008cdd0968}: 'int java.lang.invoke.DirectMethodHandle$Holder.invokeStaticInit(java.lang.Object, java.lang.Object, java.lang.Object, java.lang.Object)'> (0x000000008cdd0968) 
thrown [t:\workspace\open\src\hotspot\share\interpreter\linkResolver.cpp, line 766]
Event: 0.149 Thread 0x0000018428f89890 Exception <a 'java/lang/NoSuchMethodError'{0x000000008cdd9ea8}: 'java.lang.Object java.lang.invoke.DirectMethodHandle$Holder.invokeInterface(java.lang.Object, java.lang.Object)'> (0x000000008cdd9ea8) 
thrown [t:\workspace\open\src\hotspot\share\interpreter\linkResolver.cpp, line 766]
Event: 0.149 Thread 0x0000018428f89890 Exception <a 'java/lang/IncompatibleClassChangeError'{0x000000008cddd520}: Found class java.lang.Object, but interface was expected> (0x000000008cddd520) 
thrown [t:\workspace\open\src\hotspot\share\interpreter\linkResolver.cpp, line 833]
Event: 0.150 Thread 0x0000018428f89890 Exception <a 'java/lang/NoSuchMethodError'{0x000000008cde01f8}: 'void java.lang.invoke.DirectMethodHandle$Holder.invokeStatic(java.lang.Object, java.lang.Object)'> (0x000000008cde01f8) 
thrown [t:\workspace\open\src\hotspot\share\interpreter\linkResolver.cpp, line 766]
Event: 0.150 Thread 0x0000018428f89890 Exception <a 'java/lang/NoSuchMethodError'{0x000000008cde3868}: 'void java.lang.invoke.DirectMethodHandle$Holder.invokeStaticInit(java.lang.Object, java.lang.Object)'> (0x000000008cde3868) 
thrown [t:\workspace\open\src\hotspot\share\interpreter\linkResolver.cpp, line 766]
Event: 0.150 Thread 0x0000018428f89890 Exception <a 'java/lang/NoSuchMethodError'{0x000000008cde93a0}: 'int java.lang.invoke.DirectMethodHandle$Holder.invokeStaticInit(java.lang.Object, java.lang.Object)'> (0x000000008cde93a0) 
thrown [t:\workspace\open\src\hotspot\share\interpreter\linkResolver.cpp, line 766]
Event: 0.373 Thread 0x0000018428f89890 Implicit null exception at 0x00000184382cca8b to 0x00000184382cd356

VM Operations (14 events):
Event: 0.065 Executing VM operation: HandshakeAllThreads
Event: 0.065 Executing VM operation: HandshakeAllThreads done
Event: 0.111 Executing VM operation: HandshakeAllThreads
Event: 0.111 Executing VM operation: HandshakeAllThreads done
Event: 0.162 Executing VM operation: HandshakeAllThreads
Event: 0.162 Executing VM operation: HandshakeAllThreads done
Event: 0.180 Executing VM operation: HandshakeAllThreads
Event: 0.181 Executing VM operation: HandshakeAllThreads done
Event: 0.311 Executing VM operation: G1CollectForAllocation
Event: 0.314 Executing VM operation: G1CollectForAllocation done
Event: 0.349 Executing VM operation: HandshakeAllThreads
Event: 0.349 Executing VM operation: HandshakeAllThreads done
Event: 1.044 Executing VM operation: G1CollectForAllocation
Event: 1.047 Executing VM operation: G1CollectForAllocation done

Events (20 events):
Event: 1.051 loading class jdk/internal/reflect/ByteVectorImpl
Event: 1.051 loading class jdk/internal/reflect/ByteVector
Event: 1.051 loading class jdk/internal/reflect/ByteVector done
Event: 1.051 loading class jdk/internal/reflect/ByteVectorImpl done
Event: 1.051 loading class jdk/internal/reflect/ClassFileAssembler
Event: 1.052 loading class jdk/internal/reflect/ClassFileAssembler done
Event: 1.052 loading class jdk/internal/reflect/UTF8
Event: 1.052 loading class jdk/internal/reflect/UTF8 done
Event: 1.052 loading class jdk/internal/reflect/Label
Event: 1.052 loading class jdk/internal/reflect/Label done
Event: 1.052 loading class jdk/internal/reflect/Label$PatchInfo
Event: 1.053 loading class jdk/internal/reflect/Label$PatchInfo done
Event: 1.053 loading class jdk/internal/reflect/MethodAccessorGenerator$1
Event: 1.053 loading class jdk/internal/reflect/MethodAccessorGenerator$1 done
Event: 1.053 loading class jdk/internal/reflect/ClassDefiner
Event: 1.053 loading class jdk/internal/reflect/ClassDefiner done
Event: 1.053 loading class jdk/internal/reflect/ClassDefiner$1
Event: 1.053 loading class jdk/internal/reflect/ClassDefiner$1 done
Event: 1.053 loading class jdk/internal/reflect/BootstrapConstructorAccessorImpl
Event: 1.053 loading class jdk/internal/reflect/BootstrapConstructorAccessorImpl done


Dynamic libraries:
0x00007ff60d8c0000 - 0x00007ff60d8ce000 	C:\Users\xfaon\.jdks\openjdk-17.0.2\bin\java.exe
0x00007ffc651b0000 - 0x00007ffc653c1000 	C:\WINDOWS\SYSTEM32\ntdll.dll
0x00007ffc647d0000 - 0x00007ffc64892000 	C:\WINDOWS\System32\KERNEL32.DLL
0x00007ffc62b10000 - 0x00007ffc62eaa000 	C:\WINDOWS\System32\KERNELBASE.dll
0x00007ffc62eb0000 - 0x00007ffc62fc1000 	C:\WINDOWS\System32\ucrtbase.dll
0x00007ffc52390000 - 0x00007ffc523aa000 	C:\Users\xfaon\.jdks\openjdk-17.0.2\bin\VCRUNTIME140.dll
0x00007ffc52370000 - 0x00007ffc52388000 	C:\Users\xfaon\.jdks\openjdk-17.0.2\bin\jli.dll
0x00007ffc64fc0000 - 0x00007ffc65166000 	C:\WINDOWS\System32\USER32.dll
0x00007ffc415e0000 - 0x00007ffc41884000 	C:\WINDOWS\WinSxS\amd64_microsoft.windows.common-controls_6595b64144ccf1df_6.0.22572.1_none_5eff8ab99dce8d43\COMCTL32.dll
0x00007ffc626a0000 - 0x00007ffc626c6000 	C:\WINDOWS\System32\win32u.dll
0x00007ffc649d0000 - 0x00007ffc64a75000 	C:\WINDOWS\System32\msvcrt.dll
0x00007ffc649a0000 - 0x00007ffc649c9000 	C:\WINDOWS\System32\GDI32.dll
0x00007ffc62810000 - 0x00007ffc62928000 	C:\WINDOWS\System32\gdi32full.dll
0x00007ffc62600000 - 0x00007ffc6269a000 	C:\WINDOWS\System32\msvcp_win.dll
0x00007ffc63570000 - 0x00007ffc635a1000 	C:\WINDOWS\System32\IMM32.DLL
0x00007ffc5ed40000 - 0x00007ffc5ed4c000 	C:\Users\xfaon\.jdks\openjdk-17.0.2\bin\vcruntime140_1.dll
0x00007ffc316a0000 - 0x00007ffc3172d000 	C:\Users\xfaon\.jdks\openjdk-17.0.2\bin\msvcp140.dll
0x00007ffbf53c0000 - 0x00007ffbf5f81000 	C:\Users\xfaon\.jdks\openjdk-17.0.2\bin\server\jvm.dll
0x00007ffc636d0000 - 0x00007ffc6377e000 	C:\WINDOWS\System32\ADVAPI32.dll
0x00007ffc63990000 - 0x00007ffc63a37000 	C:\WINDOWS\System32\sechost.dll
0x00007ffc64a80000 - 0x00007ffc64b9e000 	C:\WINDOWS\System32\RPCRT4.dll
0x00007ffc63800000 - 0x00007ffc63808000 	C:\WINDOWS\System32\PSAPI.DLL
0x00007ffc5d440000 - 0x00007ffc5d449000 	C:\WINDOWS\SYSTEM32\WSOCK32.dll
0x00007ffc535c0000 - 0x00007ffc535ca000 	C:\WINDOWS\SYSTEM32\VERSION.dll
0x00007ffc63780000 - 0x00007ffc637f1000 	C:\WINDOWS\System32\WS2_32.dll
0x00007ffc56940000 - 0x00007ffc56974000 	C:\WINDOWS\SYSTEM32\WINMM.dll
0x00007ffc616b0000 - 0x00007ffc616c8000 	C:\WINDOWS\SYSTEM32\kernel.appcore.dll
0x00007ffc5ec90000 - 0x00007ffc5ec9a000 	C:\Users\xfaon\.jdks\openjdk-17.0.2\bin\jimage.dll
0x00007ffc5fe90000 - 0x00007ffc600be000 	C:\WINDOWS\SYSTEM32\DBGHELP.DLL
0x00007ffc64be0000 - 0x00007ffc64f55000 	C:\WINDOWS\System32\combase.dll
0x00007ffc63c40000 - 0x00007ffc63d17000 	C:\WINDOWS\System32\OLEAUT32.dll
0x00007ffc3dfe0000 - 0x00007ffc3e012000 	C:\WINDOWS\SYSTEM32\dbgcore.DLL
0x00007ffc626d0000 - 0x00007ffc6274b000 	C:\WINDOWS\System32\bcryptPrimitives.dll
0x00007ffc3a3d0000 - 0x00007ffc3a3f5000 	C:\Users\xfaon\.jdks\openjdk-17.0.2\bin\java.dll
0x00007ffc1dc90000 - 0x00007ffc1dd66000 	C:\Users\xfaon\.jdks\openjdk-17.0.2\bin\jsvml.dll
0x00007ffc63d20000 - 0x00007ffc64502000 	C:\WINDOWS\System32\SHELL32.dll
0x00007ffc60690000 - 0x00007ffc60f2c000 	C:\WINDOWS\SYSTEM32\windows.storage.dll
0x00007ffc60550000 - 0x00007ffc6068e000 	C:\WINDOWS\SYSTEM32\wintypes.dll
0x00007ffc648a0000 - 0x00007ffc64991000 	C:\WINDOWS\System32\SHCORE.dll
0x00007ffc63810000 - 0x00007ffc6386e000 	C:\WINDOWS\System32\shlwapi.dll
0x00007ffc62530000 - 0x00007ffc62551000 	C:\WINDOWS\SYSTEM32\profapi.dll
0x00007ffc41fc0000 - 0x00007ffc41fd9000 	C:\Users\xfaon\.jdks\openjdk-17.0.2\bin\net.dll
0x00007ffc5c070000 - 0x00007ffc5c182000 	C:\WINDOWS\SYSTEM32\WINHTTP.dll
0x00007ffc61b60000 - 0x00007ffc61bc9000 	C:\WINDOWS\system32\mswsock.dll
0x00007ffc3ece0000 - 0x00007ffc3ecf6000 	C:\Users\xfaon\.jdks\openjdk-17.0.2\bin\nio.dll
0x00007ffc3a2b0000 - 0x00007ffc3a2c8000 	C:\Users\xfaon\.jdks\openjdk-17.0.2\bin\zip.dll
0x0000018426f80000 - 0x0000018426f84000 	C:\Users\xfaon\.javacpp\cache\javacpp-1.5.7-windows-x86_64.jar\org\bytedeco\javacpp\windows-x86_64\api-ms-win-crt-locale-l1-1-0.dll
0x0000018426f90000 - 0x0000018426f95000 	C:\Users\xfaon\.javacpp\cache\javacpp-1.5.7-windows-x86_64.jar\org\bytedeco\javacpp\windows-x86_64\api-ms-win-crt-string-l1-1-0.dll
0x0000018428e90000 - 0x0000018428e95000 	C:\Users\xfaon\.javacpp\cache\javacpp-1.5.7-windows-x86_64.jar\org\bytedeco\javacpp\windows-x86_64\api-ms-win-crt-stdio-l1-1-0.dll
0x0000018428ea0000 - 0x0000018428ea6000 	C:\Users\xfaon\.javacpp\cache\javacpp-1.5.7-windows-x86_64.jar\org\bytedeco\javacpp\windows-x86_64\api-ms-win-crt-math-l1-1-0.dll
0x0000018428eb0000 - 0x0000018428eb4000 	C:\Users\xfaon\.javacpp\cache\javacpp-1.5.7-windows-x86_64.jar\org\bytedeco\javacpp\windows-x86_64\api-ms-win-crt-heap-l1-1-0.dll
0x0000018428ec0000 - 0x0000018428ec5000 	C:\Users\xfaon\.javacpp\cache\javacpp-1.5.7-windows-x86_64.jar\org\bytedeco\javacpp\windows-x86_64\api-ms-win-crt-runtime-l1-1-0.dll
0x0000018428ed0000 - 0x0000018428ed5000 	C:\Users\xfaon\.javacpp\cache\javacpp-1.5.7-windows-x86_64.jar\org\bytedeco\javacpp\windows-x86_64\api-ms-win-crt-convert-l1-1-0.dll
0x0000018428ee0000 - 0x0000018428ee4000 	C:\Users\xfaon\.javacpp\cache\javacpp-1.5.7-windows-x86_64.jar\org\bytedeco\javacpp\windows-x86_64\api-ms-win-crt-environment-l1-1-0.dll
0x0000018428ef0000 - 0x0000018428ef4000 	C:\Users\xfaon\.javacpp\cache\javacpp-1.5.7-windows-x86_64.jar\org\bytedeco\javacpp\windows-x86_64\api-ms-win-crt-time-l1-1-0.dll
0x0000018428f00000 - 0x0000018428f04000 	C:\Users\xfaon\.javacpp\cache\javacpp-1.5.7-windows-x86_64.jar\org\bytedeco\javacpp\windows-x86_64\api-ms-win-crt-filesystem-l1-1-0.dll
0x0000018428f10000 - 0x0000018428f14000 	C:\Users\xfaon\.javacpp\cache\javacpp-1.5.7-windows-x86_64.jar\org\bytedeco\javacpp\windows-x86_64\api-ms-win-crt-utility-l1-1-0.dll
0x0000018428f20000 - 0x0000018428f26000 	C:\Users\xfaon\.javacpp\cache\javacpp-1.5.7-windows-x86_64.jar\org\bytedeco\javacpp\windows-x86_64\api-ms-win-crt-multibyte-l1-1-0.dll
0x0000018428f30000 - 0x0000018428f34000 	C:\Users\xfaon\.javacpp\cache\javacpp-1.5.7-windows-x86_64.jar\org\bytedeco\javacpp\windows-x86_64\api-ms-win-crt-conio-l1-1-0.dll
0x0000018446f50000 - 0x0000018446f61000 	C:\Users\xfaon\.javacpp\cache\javacpp-1.5.7-windows-x86_64.jar\org\bytedeco\javacpp\windows-x86_64\api-ms-win-crt-private-l1-1-0.dll
0x0000018428f40000 - 0x0000018428f44000 	C:\Users\xfaon\.javacpp\cache\javacpp-1.5.7-windows-x86_64.jar\org\bytedeco\javacpp\windows-x86_64\api-ms-win-crt-process-l1-1-0.dll
0x0000018446f70000 - 0x0000018446f74000 	C:\Users\xfaon\.javacpp\cache\javacpp-1.5.7-windows-x86_64.jar\org\bytedeco\javacpp\windows-x86_64\api-ms-win-core-console-l1-2-0.dll
0x0000018446f80000 - 0x0000018446f84000 	C:\Users\xfaon\.javacpp\cache\javacpp-1.5.7-windows-x86_64.jar\org\bytedeco\javacpp\windows-x86_64\api-ms-win-core-string-l1-1-0.dll
0x0000018446f90000 - 0x0000018446f94000 	C:\Users\xfaon\.javacpp\cache\javacpp-1.5.7-windows-x86_64.jar\org\bytedeco\javacpp\windows-x86_64\api-ms-win-core-errorhandling-l1-1-0.dll
0x0000018446fa0000 - 0x0000018446fa4000 	C:\Users\xfaon\.javacpp\cache\javacpp-1.5.7-windows-x86_64.jar\org\bytedeco\javacpp\windows-x86_64\api-ms-win-core-timezone-l1-1-0.dll
0x0000018446fb0000 - 0x0000018446fb5000 	C:\Users\xfaon\.javacpp\cache\javacpp-1.5.7-windows-x86_64.jar\org\bytedeco\javacpp\windows-x86_64\api-ms-win-core-file-l1-1-0.dll
0x0000018446fc0000 - 0x0000018446fc4000 	C:\Users\xfaon\.javacpp\cache\javacpp-1.5.7-windows-x86_64.jar\org\bytedeco\javacpp\windows-x86_64\api-ms-win-core-namedpipe-l1-1-0.dll
0x0000018446fd0000 - 0x0000018446fd4000 	C:\Users\xfaon\.javacpp\cache\javacpp-1.5.7-windows-x86_64.jar\org\bytedeco\javacpp\windows-x86_64\api-ms-win-core-handle-l1-1-0.dll
0x0000018446fe0000 - 0x0000018446fe4000 	C:\Users\xfaon\.javacpp\cache\javacpp-1.5.7-windows-x86_64.jar\org\bytedeco\javacpp\windows-x86_64\api-ms-win-core-file-l2-1-0.dll
0x0000018446ff0000 - 0x0000018446ff4000 	C:\Users\xfaon\.javacpp\cache\javacpp-1.5.7-windows-x86_64.jar\org\bytedeco\javacpp\windows-x86_64\api-ms-win-core-heap-l1-1-0.dll
0x00000184494f0000 - 0x00000184494f4000 	C:\Users\xfaon\.javacpp\cache\javacpp-1.5.7-windows-x86_64.jar\org\bytedeco\javacpp\windows-x86_64\api-ms-win-core-libraryloader-l1-1-0.dll
0x0000018449500000 - 0x0000018449504000 	C:\Users\xfaon\.javacpp\cache\javacpp-1.5.7-windows-x86_64.jar\org\bytedeco\javacpp\windows-x86_64\api-ms-win-core-synch-l1-1-0.dll
0x0000018449510000 - 0x0000018449514000 	C:\Users\xfaon\.javacpp\cache\javacpp-1.5.7-windows-x86_64.jar\org\bytedeco\javacpp\windows-x86_64\api-ms-win-core-processthreads-l1-1-0.dll
0x00000184494e0000 - 0x00000184494e4000 	C:\Users\xfaon\.javacpp\cache\javacpp-1.5.7-windows-x86_64.jar\org\bytedeco\javacpp\windows-x86_64\api-ms-win-core-processenvironment-l1-1-0.dll
0x0000018449650000 - 0x0000018449654000 	C:\Users\xfaon\.javacpp\cache\javacpp-1.5.7-windows-x86_64.jar\org\bytedeco\javacpp\windows-x86_64\api-ms-win-core-datetime-l1-1-0.dll
0x0000018449660000 - 0x0000018449664000 	C:\Users\xfaon\.javacpp\cache\javacpp-1.5.7-windows-x86_64.jar\org\bytedeco\javacpp\windows-x86_64\api-ms-win-core-localization-l1-2-0.dll
0x0000018449670000 - 0x0000018449674000 	C:\Users\xfaon\.javacpp\cache\javacpp-1.5.7-windows-x86_64.jar\org\bytedeco\javacpp\windows-x86_64\api-ms-win-core-sysinfo-l1-1-0.dll
0x0000018449680000 - 0x0000018449684000 	C:\Users\xfaon\.javacpp\cache\javacpp-1.5.7-windows-x86_64.jar\org\bytedeco\javacpp\windows-x86_64\api-ms-win-core-synch-l1-2-0.dll
0x0000018449640000 - 0x0000018449644000 	C:\Users\xfaon\.javacpp\cache\javacpp-1.5.7-windows-x86_64.jar\org\bytedeco\javacpp\windows-x86_64\api-ms-win-core-console-l1-1-0.dll
0x0000018449690000 - 0x0000018449694000 	C:\Users\xfaon\.javacpp\cache\javacpp-1.5.7-windows-x86_64.jar\org\bytedeco\javacpp\windows-x86_64\api-ms-win-core-debug-l1-1-0.dll
0x00000184496a0000 - 0x00000184496a4000 	C:\Users\xfaon\.javacpp\cache\javacpp-1.5.7-windows-x86_64.jar\org\bytedeco\javacpp\windows-x86_64\api-ms-win-core-rtlsupport-l1-1-0.dll
0x00000184496b0000 - 0x00000184496b4000 	C:\Users\xfaon\.javacpp\cache\javacpp-1.5.7-windows-x86_64.jar\org\bytedeco\javacpp\windows-x86_64\api-ms-win-core-processthreads-l1-1-1.dll
0x00000184496c0000 - 0x00000184496c4000 	C:\Users\xfaon\.javacpp\cache\javacpp-1.5.7-windows-x86_64.jar\org\bytedeco\javacpp\windows-x86_64\api-ms-win-core-file-l1-2-0.dll
0x00000184496d0000 - 0x00000184496d4000 	C:\Users\xfaon\.javacpp\cache\javacpp-1.5.7-windows-x86_64.jar\org\bytedeco\javacpp\windows-x86_64\api-ms-win-core-profile-l1-1-0.dll
0x00000184493d0000 - 0x00000184493d4000 	C:\Users\xfaon\.javacpp\cache\javacpp-1.5.7-windows-x86_64.jar\org\bytedeco\javacpp\windows-x86_64\api-ms-win-core-memory-l1-1-0.dll
0x00000184493e0000 - 0x00000184493e4000 	C:\Users\xfaon\.javacpp\cache\javacpp-1.5.7-windows-x86_64.jar\org\bytedeco\javacpp\windows-x86_64\api-ms-win-core-util-l1-1-0.dll
0x00000184493f0000 - 0x00000184493f4000 	C:\Users\xfaon\.javacpp\cache\javacpp-1.5.7-windows-x86_64.jar\org\bytedeco\javacpp\windows-x86_64\api-ms-win-core-interlocked-l1-1-0.dll
0x00007ffc1d8e0000 - 0x00007ffc1d9f1000 	C:\Users\xfaon\.javacpp\cache\javacpp-1.5.7-windows-x86_64.jar\org\bytedeco\javacpp\windows-x86_64\ucrtbase.dll
0x00007ffc44b00000 - 0x00007ffc44b1b000 	C:\Users\xfaon\.javacpp\cache\javacpp-1.5.7-windows-x86_64.jar\org\bytedeco\javacpp\windows-x86_64\vcruntime140.dll
0x00007ffc5ed30000 - 0x00007ffc5ed3c000 	C:\Users\xfaon\.javacpp\cache\javacpp-1.5.7-windows-x86_64.jar\org\bytedeco\javacpp\windows-x86_64\vcruntime140_1.dll
0x00007ffc31610000 - 0x00007ffc3169d000 	C:\Users\xfaon\.javacpp\cache\javacpp-1.5.7-windows-x86_64.jar\org\bytedeco\javacpp\windows-x86_64\msvcp140.dll
0x00007ffc5d580000 - 0x00007ffc5d589000 	C:\Users\xfaon\.javacpp\cache\javacpp-1.5.7-windows-x86_64.jar\org\bytedeco\javacpp\windows-x86_64\msvcp140_1.dll
0x00007ffc44a50000 - 0x00007ffc44a9e000 	C:\Users\xfaon\.javacpp\cache\javacpp-1.5.7-windows-x86_64.jar\org\bytedeco\javacpp\windows-x86_64\concrt140.dll
0x00007ffc29a10000 - 0x00007ffc29a41000 	C:\Users\xfaon\.javacpp\cache\javacpp-1.5.7-windows-x86_64.jar\org\bytedeco\javacpp\windows-x86_64\vcomp140.dll
0x00007ffc5d460000 - 0x00007ffc5d46e000 	C:\Users\xfaon\.javacpp\cache\javacpp-1.5.7-windows-x86_64.jar\org\bytedeco\javacpp\windows-x86_64\jnijavacpp.dll
0x00007ffbe8740000 - 0x00007ffbe8d19000 	C:\Users\xfaon\.javacpp\cache\qt-5.15.2-1.5.7-windows-x86_64.jar\org\bytedeco\qt\windows-x86_64\Qt5Core.dll
0x00007ffc63aa0000 - 0x00007ffc63c3b000 	C:\WINDOWS\System32\ole32.dll
0x00007ffc61c80000 - 0x00007ffc61ca8000 	C:\WINDOWS\SYSTEM32\USERENV.dll
0x00007ffc3f010000 - 0x00007ffc3f029000 	C:\WINDOWS\SYSTEM32\NETAPI32.dll
0x00007ffc459b0000 - 0x00007ffc459ce000 	C:\WINDOWS\SYSTEM32\MPR.dll
0x00007ffc61150000 - 0x00007ffc6115c000 	C:\WINDOWS\SYSTEM32\NETUTILS.DLL
0x00007ffc464a0000 - 0x00007ffc464c8000 	C:\WINDOWS\SYSTEM32\SRVCLI.DLL
0x00007ffc61e10000 - 0x00007ffc61e1c000 	C:\WINDOWS\SYSTEM32\CRYPTBASE.DLL
0x00007ffc299b0000 - 0x00007ffc29a0d000 	C:\Users\xfaon\.javacpp\cache\qt-5.15.2-1.5.7-windows-x86_64.jar\org\bytedeco\qt\windows-x86_64\jniQt5Core.dll
0x00007ffc1dc20000 - 0x00007ffc1dc8e000 	C:\Users\xfaon\.javacpp\cache\qt-5.15.2-1.5.7-windows-x86_64.jar\org\bytedeco\qt\windows-x86_64\Qt5DBus.dll
0x00007ffbe80b0000 - 0x00007ffbe8735000 	C:\Users\xfaon\.javacpp\cache\qt-5.15.2-1.5.7-windows-x86_64.jar\org\bytedeco\qt\windows-x86_64\Qt5Gui.dll
0x00007ffc5e7c0000 - 0x00007ffc5e9f8000 	C:\WINDOWS\SYSTEM32\d3d11.dll
0x00007ffc5f750000 - 0x00007ffc5f83c000 	C:\WINDOWS\SYSTEM32\dxgi.dll
0x00007ffbf1d40000 - 0x00007ffbf228a000 	C:\Users\xfaon\.javacpp\cache\qt-5.15.2-1.5.7-windows-x86_64.jar\org\bytedeco\qt\windows-x86_64\Qt5Widgets.dll
0x00007ffc5f5c0000 - 0x00007ffc5f66c000 	C:\WINDOWS\SYSTEM32\UxTheme.dll
0x00007ffc5f850000 - 0x00007ffc5f87b000 	C:\WINDOWS\SYSTEM32\dwmapi.dll
0x00007ffc22ed0000 - 0x00007ffc22f20000 	C:\Users\xfaon\.javacpp\cache\qt-5.15.2-1.5.7-windows-x86_64.jar\org\bytedeco\qt\windows-x86_64\Qt5PrintSupport.dll
0x00007ffc64510000 - 0x00007ffc64603000 	C:\WINDOWS\System32\COMDLG32.dll
0x00007ffc569d0000 - 0x00007ffc56a69000 	C:\WINDOWS\SYSTEM32\WINSPOOL.DRV
0x00007ffc44ae0000 - 0x00007ffc44af4000 	C:\Users\xfaon\.javacpp\cache\qt-5.15.2-1.5.7-windows-x86_64.jar\org\bytedeco\qt\windows-x86_64\qxdgdesktopportal.dll
0x00007ffc179e0000 - 0x00007ffc17ab2000 	C:\Users\xfaon\.javacpp\cache\qt-5.15.2-1.5.7-windows-x86_64.jar\org\bytedeco\qt\windows-x86_64\qminimal.dll
0x00007ffc16ee0000 - 0x00007ffc16f9c000 	C:\Users\xfaon\.javacpp\cache\qt-5.15.2-1.5.7-windows-x86_64.jar\org\bytedeco\qt\windows-x86_64\qoffscreen.dll
0x00007ffc5d380000 - 0x00007ffc5d38d000 	C:\Users\xfaon\.javacpp\cache\qt-5.15.2-1.5.7-windows-x86_64.jar\org\bytedeco\qt\windows-x86_64\qgif.dll
0x00007ffc523b0000 - 0x00007ffc523bd000 	C:\Users\xfaon\.javacpp\cache\qt-5.15.2-1.5.7-windows-x86_64.jar\org\bytedeco\qt\windows-x86_64\qico.dll
0x00007ffc181e0000 - 0x00007ffc1824b000 	C:\Users\xfaon\.javacpp\cache\qt-5.15.2-1.5.7-windows-x86_64.jar\org\bytedeco\qt\windows-x86_64\qjpeg.dll
0x00007ffbf5030000 - 0x00007ffbf51aa000 	C:\Users\xfaon\.javacpp\cache\qt-5.15.2-1.5.7-windows-x86_64.jar\org\bytedeco\qt\windows-x86_64\qdirect2d.dll
0x00007ffc5f6d0000 - 0x00007ffc5f6e4000 	C:\WINDOWS\SYSTEM32\WTSAPI32.dll
0x00007ffc5df70000 - 0x00007ffc5e1d7000 	C:\WINDOWS\SYSTEM32\DWrite.dll
0x00007ffc5e1e0000 - 0x00007ffc5e7a1000 	C:\WINDOWS\SYSTEM32\d2d1.dll
0x00007ffbf2830000 - 0x00007ffbf2999000 	C:\Users\xfaon\.javacpp\cache\qt-5.15.2-1.5.7-windows-x86_64.jar\org\bytedeco\qt\windows-x86_64\qwindows.dll
0x00007ffc449f0000 - 0x00007ffc44a16000 	C:\Users\xfaon\.javacpp\cache\qt-5.15.2-1.5.7-windows-x86_64.jar\org\bytedeco\qt\windows-x86_64\qwindowsvistastyle.dll
0x00007ffc44a30000 - 0x00007ffc44a41000 	C:\Users\xfaon\.javacpp\cache\qt-5.15.2-1.5.7-windows-x86_64.jar\org\bytedeco\qt\windows-x86_64\windowsprintersupport.dll
0x00007ffc39c40000 - 0x00007ffc39c60000 	C:\Users\xfaon\.javacpp\cache\qt-5.15.2-1.5.7-windows-x86_64.jar\org\bytedeco\qt\windows-x86_64\jniQt5Gui.dll

dbghelp: loaded successfully - version: 4.0.5 - missing functions: none
symbol engine: initialized successfully - sym options: 0x614 - pdb path: .;C:\Users\xfaon\.jdks\openjdk-17.0.2\bin;C:\WINDOWS\SYSTEM32;C:\WINDOWS\WinSxS\amd64_microsoft.windows.common-controls_6595b64144ccf1df_6.0.22572.1_none_5eff8ab99dce8d43;C:\Users\xfaon\.jdks\openjdk-17.0.2\bin\server;C:\Users\xfaon\.javacpp\cache\javacpp-1.5.7-windows-x86_64.jar\org\bytedeco\javacpp\windows-x86_64;C:\Users\xfaon\.javacpp\cache\qt-5.15.2-1.5.7-windows-x86_64.jar\org\bytedeco\qt\windows-x86_64

VM Arguments:
jvm_args: --module-path=C:\javafx\openjfx-18.0.1_windows-x64_bin-sdk\javafx-sdk-18.0.1\lib --add-modules=javafx.controls --module-path=C:\javafx\openjfx-18.0.1_windows-x64_bin-sdk\javafx-sdk-18.0.1\lib --add-modules=javafx.controls -Dfile.encoding=windows-1252 -Duser.country=CA -Duser.language=en -Duser.variant 
java_command: com.github.skylixgh.hello.MyApp --module-path C:\javafx\openjfx-18.0.1_windows-x64_bin-sdk\javafx-sdk-18.0.1\lib --add-modules=javafx.controls
java_class_path (initial): C:\Users\xfaon\IdeaProjects\elixor\scratches\build\classes\java\main;C:\Users\xfaon\IdeaProjects\elixor\scratches\build\resources\main;C:\Users\xfaon\IdeaProjects\elixor\scratches\jars\jnativehook-2.2.2-sources.jar;C:\Users\xfaon\IdeaProjects\elixor\elixorFX\build\libs\elixorFX-1.0.0-SNAPSHOT.jar;C:\Users\xfaon\.gradle\caches\modules-2\files-2.1\org.openjfx\javafx-controls\17.0.1\dd2e517c9638c07325836d17557a365b484fd6c7\javafx-controls-17.0.1-win.jar;C:\Users\xfaon\.gradle\caches\modules-2\files-2.1\org.openjfx\javafx-graphics\17.0.1\5e29de2d1e6320c2c8c4af9fef186d82f3953155\javafx-graphics-17.0.1-win.jar;C:\Users\xfaon\.gradle\caches\modules-2\files-2.1\org.openjfx\javafx-graphics\17.0.1\324fd0f6c9c55330fc64a44dde0887d9646e800a\javafx-graphics-17.0.1.jar;C:\Users\xfaon\.gradle\caches\modules-2\files-2.1\org.openjfx\javafx-base\17.0.1\174ca1357249f26d154583886cda6f20ba1b7887\javafx-base-17.0.1-win.jar;C:\Users\xfaon\.gradle\caches\modules-2\files-2.1\org.openjfx\javafx-base\17.0.1\2c53dcf0d89ff42a63b09d941cab75c5a052ef32\javafx-base-17.0.1.jar;C:\Users\xfaon\IdeaProjects\elixor\terminal\build\libs\terminal-1.0.0-SNAPSHOT.jar;C:\Users\xfaon\IdeaProjects\elixor\apiSocket\build\libs\apiSocket-1.0.0-SNAPSHOT.jar;C:\Users\xfaon\.gradle\caches\modules-2\files-2.1\org.java-websocket\Java-WebSocket\1.5.3\9c26b6a6e732a1242db576a50dc3a12e446e2717\Java-WebSocket-1.5.3.jar;C:\Users\xfaon\.gradle\caches\modules-2\files-2.1\com.google.code.gson\gson\2.9.0\8a1167e089096758b49f9b34066ef98b2f4b37aa\gson-2.9.0.jar;C:\Users\xfaon\.gradle\caches\modules-2\files-2.1\org.slf4j\slf4j-api\1.7.30\b5a4b6d16ab13e34a88fae84c35cd5d68cac922c\slf4j-api-1.7.30.jar;C:\Users\xfaon\.gradle\caches\modules-2\files-2.1\net.java.dev.jna\jna-platform\5.11.0\3982895a856ba88cd7acf75a1b3a11046eef419d\jna-platform-5.11.0.jar;C:\Users\xfaon\.gradle\caches\modules-2\files-2.1\net.java.dev.jna\jna\5.11.0\27770efb6329f092f895c7329662d1aa8ee8c0ac\jna-5.11.0.jar;C:\Users\xfaon\.gradle\ca
Launcher Type: SUN_STANDARD

[Global flags]
     intx CICompilerCount                          = 4                                         {product} {ergonomic}
     uint ConcGCThreads                            = 2                                         {product} {ergonomic}
     uint G1ConcRefinementThreads                  = 8                                         {product} {ergonomic}
   size_t G1HeapRegionSize                         = 1048576                                   {product} {ergonomic}
    uintx GCDrainStackTargetSize                   = 64                                        {product} {ergonomic}
   size_t InitialHeapSize                          = 130023424                                 {product} {ergonomic}
   size_t MarkStackSize                            = 4194304                                   {product} {ergonomic}
   size_t MaxHeapSize                              = 2053111808                                {product} {ergonomic}
   size_t MaxNewSize                               = 1231028224                                {product} {ergonomic}
   size_t MinHeapDeltaBytes                        = 1048576                                   {product} {ergonomic}
   size_t MinHeapSize                              = 8388608                                   {product} {ergonomic}
    uintx NonNMethodCodeHeapSize                   = 5839372                                {pd product} {ergonomic}
    uintx NonProfiledCodeHeapSize                  = 122909434                              {pd product} {ergonomic}
    uintx ProfiledCodeHeapSize                     = 122909434                              {pd product} {ergonomic}
    uintx ReservedCodeCacheSize                    = 251658240                              {pd product} {ergonomic}
     bool SegmentedCodeCache                       = true                                      {product} {ergonomic}
   size_t SoftMaxHeapSize                          = 2053111808                             {manageable} {ergonomic}
     bool UseCompressedClassPointers               = true                           {product lp64_product} {ergonomic}
     bool UseCompressedOops                        = true                           {product lp64_product} {ergonomic}
     bool UseG1GC                                  = true                                      {product} {ergonomic}
     bool UseLargePagesIndividualAllocation        = false                                  {pd product} {ergonomic}

Logging:
Log output configuration:
 #0: stdout all=warning uptime,level,tags
 #1: stderr all=off uptime,level,tags

Environment Variables:
JAVA_HOME=C:\Program Files\Java\jdk-18
PATH=C:\Program Files\Common Files\Oracle\Java\javapath;C:\Program Files (x86)\Intel\oneAPI\tbb\latest\redist\intel64\vc_mt\;C:\Program Files (x86)\Intel\oneAPI\tbb\latest\redist\ia32\vc_mt\;C:\Program Files (x86)\Intel\oneAPI\compiler\latest\windows\redist\intel64_win\compiler;C:\Program Files (x86)\Intel\oneAPI\compiler\latest\windows\redist\ia32_win\compiler;C:\Program Files (x86)\Common Files\Oracle\Java\javapath;C:\Python310\Scripts\;C:\Python310\;C:\WINDOWS\system32;C:\WINDOWS;C:\WINDOWS\System32\Wbem;C:\WINDOWS\System32\WindowsPowerShell\v1.0\;C:\WINDOWS\System32\OpenSSH\;C:\Program Files\Git\cmd;C:\ProgramData\chocolatey\bin;C:\xampp\php;C:\ProgramData\ComposerSetup\bin;C:\Program Files\nodejs\;C:\Program Files\Git LFS;C:\Program Files\Go\bin;C:\Users\xfaon\.cargo\bin;C:\Users\xfaon\scoop\apps\mingw\current\bin;C:\Users\xfaon\scoop\shims;C:\Users\xfaon\AppData\Local\Microsoft\WindowsApps;C:\Users\xfaon\AppData\Local\Programs\Microsoft VS Code\bin;C:\Users\xfaon\AppData\Local\Programs\Hyper\resources\bin;C:\Users\xfaon\AppData\Local\GitHubDesktop\bin;C:\Users\xfaon\AppData\Roaming\Composer\vendor\bin;C:\xampp\php;C:\Users\xfaon\AppData\Local\atom\bin;C:\Program Files\JetBrains\IntelliJ IDEA 2021.3.2\bin;C:\Program Files\CMake\bin;C:\Users\xfaon\AppData\Roaming\npm;C:\Users\xfaon\AppData\Local\Microsoft\WindowsApps;C:\Users\xfaon\go\bin;C:\Users\xfaon\spicetify-cli;
USERNAME=xfaon
OS=Windows_NT
PROCESSOR_IDENTIFIER=Intel64 Family 6 Model 140 Stepping 1, GenuineIntel



---------------  S Y S T E M  ---------------

OS:
 Windows 11 , 64 bit Build 22572 (10.0.22572.1)
OS uptime: 0 days 9:07 hours
Hyper-V role detected

CPU: total 8 (initial active 8) (4 cores per cpu, 2 threads per core) family 6 model 140 stepping 1 microcode 0x8a, cx8, cmov, fxsr, ht, mmx, 3dnowpref, sse, sse2, sse3, ssse3, sse4.1, sse4.2, popcnt, lzcnt, tsc, tscinvbit, avx, avx2, aes, erms, clmul, bmi1, bmi2, adx, avx512f, avx512dq, avx512cd, avx512bw, avx512vl, sha, fma, vzeroupper, avx512_vpopcntdq, avx512_vpclmulqdq, avx512_vaes, avx512_vnni, clflush, clflushopt, clwb, avx512_vbmi2, avx512_vbmi, hv

Memory: 4k page, system-wide physical 7831M (429M free)
TotalPageFile size 21953M (AvailPageFile size 7893M)
current process WorkingSet (physical memory assigned to process): 108M, peak: 111M
current process commit charge ("private bytes"): 232M, peak: 237M

vm_info: OpenJDK 64-Bit Server VM (17.0.2+8-86) for windows-amd64 JRE (17.0.2+8-86), built on Dec  7 2021 21:49:10 by "mach5one" with MS VC++ 16.8 / 16.9 (VS2019)

END.
