Performing C SOURCE FILE Test CMAKE_HAVE_LIBC_PTHREAD failed with the following output:
Change Dir: /home/XFaon/CLionProjects/Elixor/Build/CMakeFiles/CMakeTmp

Run Build Command(s):/usr/bin/make cmTC_ad048/fast && /usr/bin/make  -f CMakeFiles/cmTC_ad048.dir/build.make CMakeFiles/cmTC_ad048.dir/build
make[1]: Entering directory '/home/XFaon/CLionProjects/Elixor/Build/CMakeFiles/CMakeTmp'
Building C object CMakeFiles/cmTC_ad048.dir/src.c.o
/usr/bin/cc   -DCMAKE_HAVE_LIBC_PTHREAD -o CMakeFiles/cmTC_ad048.dir/src.c.o -c /home/XFaon/CLionProjects/Elixor/Build/CMakeFiles/CMakeTmp/src.c
Linking C executable cmTC_ad048
/usr/bin/cmake -E cmake_link_script CMakeFiles/cmTC_ad048.dir/link.txt --verbose=1
/usr/bin/cc  -DCMAKE_HAVE_LIBC_PTHREAD -rdynamic CMakeFiles/cmTC_ad048.dir/src.c.o -o cmTC_ad048 
/usr/bin/ld: CMakeFiles/cmTC_ad048.dir/src.c.o: in function `main':
src.c:(.text+0x2d): undefined reference to `pthread_create'
/usr/bin/ld: src.c:(.text+0x39): undefined reference to `pthread_detach'
/usr/bin/ld: src.c:(.text+0x45): undefined reference to `pthread_cancel'
/usr/bin/ld: src.c:(.text+0x56): undefined reference to `pthread_join'
collect2: error: ld returned 1 exit status
make[1]: *** [CMakeFiles/cmTC_ad048.dir/build.make:106: cmTC_ad048] Error 1
make[1]: Leaving directory '/home/XFaon/CLionProjects/Elixor/Build/CMakeFiles/CMakeTmp'
make: *** [Makefile:140: cmTC_ad048/fast] Error 2


Source file was:
#include <pthread.h>

void* test_func(void* data)
{
  return data;
}

int main(void)
{
  pthread_t thread;
  pthread_create(&thread, NULL, test_func, NULL);
  pthread_detach(thread);
  pthread_cancel(thread);
  pthread_join(thread, NULL);
  pthread_atfork(NULL, NULL, NULL);
  pthread_exit(NULL);

  return 0;
}

Determining if the function pthread_create exists in the pthreads failed with the following output:
Change Dir: /home/XFaon/CLionProjects/Elixor/Build/CMakeFiles/CMakeTmp

Run Build Command(s):/usr/bin/make cmTC_f8484/fast && /usr/bin/make  -f CMakeFiles/cmTC_f8484.dir/build.make CMakeFiles/cmTC_f8484.dir/build
make[1]: Entering directory '/home/XFaon/CLionProjects/Elixor/Build/CMakeFiles/CMakeTmp'
Building C object CMakeFiles/cmTC_f8484.dir/CheckFunctionExists.c.o
/usr/bin/cc   -DCHECK_FUNCTION_EXISTS=pthread_create -o CMakeFiles/cmTC_f8484.dir/CheckFunctionExists.c.o -c /usr/share/cmake-3.18/Modules/CheckFunctionExists.c
Linking C executable cmTC_f8484
/usr/bin/cmake -E cmake_link_script CMakeFiles/cmTC_f8484.dir/link.txt --verbose=1
/usr/bin/cc  -DCHECK_FUNCTION_EXISTS=pthread_create -rdynamic CMakeFiles/cmTC_f8484.dir/CheckFunctionExists.c.o -o cmTC_f8484  -lpthreads 
/usr/bin/ld: cannot find -lpthreads
collect2: error: ld returned 1 exit status
make[1]: *** [CMakeFiles/cmTC_f8484.dir/build.make:106: cmTC_f8484] Error 1
make[1]: Leaving directory '/home/XFaon/CLionProjects/Elixor/Build/CMakeFiles/CMakeTmp'
make: *** [Makefile:140: cmTC_f8484/fast] Error 2



